<?xml version="1.0" encoding="UTF-8"?>
<!-- Generated by org.testng.reporters.JUnitReportReporter -->
<testsuite hostname="DESKTOP-P52D93K" name="sample.Sample" tests="1" failures="0" timestamp="2 Apr 2019 17:44:51 GMT" time="0.007" errors="0">
  <testcase name="sample" time="0.007" classname="sample.Sample"/>
</testsuite> <!-- sample.Sample -->
