<?xml version="1.0" encoding="UTF-8"?>
<!-- Generated by org.testng.reporters.JUnitReportReporter -->
<testsuite hostname="DESKTOP-P52D93K" name="sample.Sample" tests="4" failures="0" timestamp="10 Apr 2019 17:49:28 GMT" time="0.008" errors="0">
  <testcase name="sample2" time="0.001" classname="sample.Sample"/>
  <testcase name="sample1" time="0.006" classname="sample.Sample"/>
  <testcase name="sample1" time="0.001" classname="sample.Sample"/>
  <testcase name="sample2" time="0.000" classname="sample.Sample"/>
</testsuite> <!-- sample.Sample -->
