<?xml version="1.0" encoding="UTF-8"?>
<!-- Generated by org.testng.reporters.JUnitReportReporter -->
<testsuite hostname="DESKTOP-P52D93K" name="sample.Sample" tests="1" failures="0" timestamp="3 Apr 2019 03:04:33 GMT" time="0.020" errors="0">
  <testcase name="sample" time="0.020" classname="sample.Sample"/>
</testsuite> <!-- sample.Sample -->
